# JRE version: OpenJDK Runtime Environment (21.0.9) (build 21.0.9+-14649483-b1163.86)
# Java VM: OpenJDK 64-Bit Server VM (21.0.9+-14649483-b1163.86, mixed mode, tiered, compressed oops, compressed class ptrs, g1 gc, windows-amd64)
GC Precious Log:
 CardTable entry size: 512
 Card Set container configuration: InlinePtr #cards 5 size 8 Array Of Cards #cards 12 size 40 Howl #buckets 4 coarsen threshold 1843 Howl Bitmap #cards 512 size 80 coarsen threshold 460 Card regions per heap region 1 cards per card region 2048
 CPUs: 4 total, 4 available
 Memory: 8122M
 Large Page Support: Disabled
 NUMA Support: Disabled
 Compressed Oops: Enabled (32-bit)
 Heap Region Size: 1M
 Heap Min Capacity: 8M
 Heap Initial Capacity: 128M
 Heap Max Capacity: 2G
 Pre-touch: Disabled
 Parallel Workers: 4
 Concurrent Workers: 1
 Concurrent Refinement Workers: 4
 Periodic GC: Disabled
Heap:
 garbage-first heap   total 527360K, used 434688K [0x0000000080000000, 0x0000000100000000)
  region size 1024K, 11 young (11264K), 10 survivors (10240K)
 Metaspace       used 124659K, committed 127040K, reserved 1179648K
  class space    used 17731K, committed 18880K, reserved 1048576K
GC Heap History (20 events):
Event: 77.631 GC heap before
{Heap before GC invocations=58 (full 0):
 garbage-first heap   total 416768K, used 367137K [0x0000000080000000, 0x0000000100000000)
  region size 1024K, 244 young (249856K), 6 survivors (6144K)
 Metaspace       used 113624K, committed 115904K, reserved 1179648K
  class space    used 16211K, committed 17344K, reserved 1048576K
}
Event: 77.651 GC heap after
{Heap after GC invocations=59 (full 0):
 garbage-first heap   total 416768K, used 126303K [0x0000000080000000, 0x0000000100000000)
  region size 1024K, 8 young (8192K), 8 survivors (8192K)
 Metaspace       used 113624K, committed 115904K, reserved 1179648K
  class space    used 16211K, committed 17344K, reserved 1048576K
}
Event: 78.868 GC heap before
{Heap before GC invocations=59 (full 0):
 garbage-first heap   total 416768K, used 372063K [0x0000000080000000, 0x0000000100000000)
  region size 1024K, 244 young (249856K), 8 survivors (8192K)
 Metaspace       used 115162K, committed 117504K, reserved 1179648K
  class space    used 16347K, committed 17472K, reserved 1048576K
}
Event: 78.890 GC heap after
{Heap after GC invocations=60 (full 0):
 garbage-first heap   total 416768K, used 126225K [0x0000000080000000, 0x0000000100000000)
  region size 1024K, 9 young (9216K), 9 survivors (9216K)
 Metaspace       used 115162K, committed 117504K, reserved 1179648K
  class space    used 16347K, committed 17472K, reserved 1048576K
}
Event: 79.190 GC heap before
{Heap before GC invocations=60 (full 0):
 garbage-first heap   total 416768K, used 168209K [0x0000000080000000, 0x0000000100000000)
  region size 1024K, 46 young (47104K), 9 survivors (9216K)
 Metaspace       used 115258K, committed 117568K, reserved 1179648K
  class space    used 16358K, committed 17472K, reserved 1048576K
}
Event: 79.208 GC heap after
{Heap after GC invocations=61 (full 0):
 garbage-first heap   total 416768K, used 134298K [0x0000000080000000, 0x0000000100000000)
  region size 1024K, 11 young (11264K), 11 survivors (11264K)
 Metaspace       used 115258K, committed 117568K, reserved 1179648K
  class space    used 16358K, committed 17472K, reserved 1048576K
}
Event: 79.231 GC heap before
{Heap before GC invocations=61 (full 0):
 garbage-first heap   total 416768K, used 139418K [0x0000000080000000, 0x0000000100000000)
  region size 1024K, 12 young (12288K), 11 survivors (11264K)
 Metaspace       used 115258K, committed 117568K, reserved 1179648K
  class space    used 16358K, committed 17472K, reserved 1048576K
}
Event: 79.250 GC heap after
{Heap after GC invocations=62 (full 0):
 garbage-first heap   total 416768K, used 139537K [0x0000000080000000, 0x0000000100000000)
  region size 1024K, 11 young (11264K), 11 survivors (11264K)
 Metaspace       used 115258K, committed 117568K, reserved 1179648K
  class space    used 16358K, committed 17472K, reserved 1048576K
}
Event: 105.747 GC heap before
{Heap before GC invocations=63 (full 0):
 garbage-first heap   total 425984K, used 424209K [0x0000000080000000, 0x0000000100000000)
  region size 1024K, 230 young (235520K), 11 survivors (11264K)
 Metaspace       used 120746K, committed 123072K, reserved 1179648K
  class space    used 17045K, committed 18176K, reserved 1048576K
}
Event: 105.810 GC heap after
{Heap after GC invocations=64 (full 0):
 garbage-first heap   total 458752K, used 215657K [0x0000000080000000, 0x0000000100000000)
  region size 1024K, 31 young (31744K), 31 survivors (31744K)
 Metaspace       used 120746K, committed 123072K, reserved 1179648K
  class space    used 17045K, committed 18176K, reserved 1048576K
}
Event: 111.706 GC heap before
{Heap before GC invocations=64 (full 0):
 garbage-first heap   total 458752K, used 457321K [0x0000000080000000, 0x0000000100000000)
  region size 1024K, 131 young (134144K), 31 survivors (31744K)
 Metaspace       used 121277K, committed 123648K, reserved 1179648K
  class space    used 17113K, committed 18240K, reserved 1048576K
}
Event: 111.837 GC heap after
{Heap after GC invocations=65 (full 0):
 garbage-first heap   total 527360K, used 308203K [0x0000000080000000, 0x0000000100000000)
  region size 1024K, 30 young (30720K), 30 survivors (30720K)
 Metaspace       used 121277K, committed 123648K, reserved 1179648K
  class space    used 17113K, committed 18240K, reserved 1048576K
}
Event: 111.895 GC heap before
{Heap before GC invocations=65 (full 0):
 garbage-first heap   total 527360K, used 314347K [0x0000000080000000, 0x0000000100000000)
  region size 1024K, 37 young (37888K), 30 survivors (30720K)
 Metaspace       used 121277K, committed 123648K, reserved 1179648K
  class space    used 17113K, committed 18240K, reserved 1048576K
}
Event: 111.966 GC heap after
{Heap after GC invocations=66 (full 0):
 garbage-first heap   total 527360K, used 312061K [0x0000000080000000, 0x0000000100000000)
  region size 1024K, 4 young (4096K), 4 survivors (4096K)
 Metaspace       used 121277K, committed 123648K, reserved 1179648K
  class space    used 17113K, committed 18240K, reserved 1048576K
}
Event: 115.191 GC heap before
{Heap before GC invocations=67 (full 0):
 garbage-first heap   total 527360K, used 462589K [0x0000000080000000, 0x0000000100000000)
  region size 1024K, 136 young (139264K), 4 survivors (4096K)
 Metaspace       used 123525K, committed 125888K, reserved 1179648K
  class space    used 17600K, committed 18752K, reserved 1048576K
}
Event: 115.272 GC heap after
{Heap after GC invocations=68 (full 0):
 garbage-first heap   total 527360K, used 360960K [0x0000000080000000, 0x0000000100000000)
  region size 1024K, 17 young (17408K), 17 survivors (17408K)
 Metaspace       used 123525K, committed 125888K, reserved 1179648K
  class space    used 17600K, committed 18752K, reserved 1048576K
}
Event: 116.542 GC heap before
{Heap before GC invocations=68 (full 0):
 garbage-first heap   total 527360K, used 458240K [0x0000000080000000, 0x0000000100000000)
  region size 1024K, 113 young (115712K), 17 survivors (17408K)
 Metaspace       used 124646K, committed 127040K, reserved 1179648K
  class space    used 17731K, committed 18880K, reserved 1048576K
}
Event: 116.668 GC heap after
{Heap after GC invocations=69 (full 0):
 garbage-first heap   total 527360K, used 406528K [0x0000000080000000, 0x0000000100000000)
  region size 1024K, 15 young (15360K), 15 survivors (15360K)
 Metaspace       used 124646K, committed 127040K, reserved 1179648K
  class space    used 17731K, committed 18880K, reserved 1048576K
}
Event: 117.152 GC heap before
{Heap before GC invocations=69 (full 0):
 garbage-first heap   total 527360K, used 468992K [0x0000000080000000, 0x0000000100000000)
  region size 1024K, 77 young (78848K), 15 survivors (15360K)
 Metaspace       used 124659K, committed 127040K, reserved 1179648K
  class space    used 17731K, committed 18880K, reserved 1048576K
}
Event: 117.243 GC heap after
{Heap after GC invocations=70 (full 0):
 garbage-first heap   total 527360K, used 438784K [0x0000000080000000, 0x0000000100000000)
  region size 1024K, 10 young (10240K), 10 survivors (10240K)
 Metaspace       used 124659K, committed 127040K, reserved 1179648K
  class space    used 17731K, committed 18880K, reserved 1048576K
}

